e:\pushboxes\x64\debug\qrc_myimages.obj
e:\pushboxes\x64\debug\main.obj
e:\pushboxes\x64\debug\moc_mappaint.obj
e:\pushboxes\x64\debug\mappaint.obj
e:\pushboxes\x64\debug\moc_mainwindow.obj
e:\pushboxes\x64\debug\mainwindow.obj
e:\pushboxes\x64\debug\vc141.pdb
e:\pushboxes\debug\moc_predefs.h
e:\pushboxes\debug\pushboxes.ilk
e:\pushboxes\debug\pushboxes.exe
e:\pushboxes\debug\pushboxes.pdb
e:\pushboxes\generatedfiles\debug\moc_mainwindow.cpp
e:\pushboxes\generatedfiles\debug\moc_mappaint.cpp
e:\pushboxes\generatedfiles\qrc_myimages.cpp
e:\pushboxes\generatedfiles\ui_mainwindow.h
e:\pushboxes\x64\debug\pushboxes_resource.res
e:\pushboxes\x64\debug\pushboxes.tlog\cl.2084.write.1.tlog
e:\pushboxes\x64\debug\pushboxes.tlog\cl.command.1.tlog
e:\pushboxes\x64\debug\pushboxes.tlog\cl.read.1.tlog
e:\pushboxes\x64\debug\pushboxes.tlog\custombuild.command.1.tlog
e:\pushboxes\x64\debug\pushboxes.tlog\custombuild.read.1.tlog
e:\pushboxes\x64\debug\pushboxes.tlog\custombuild.write.1.tlog
e:\pushboxes\x64\debug\pushboxes.tlog\link.command.1.tlog
e:\pushboxes\x64\debug\pushboxes.tlog\link.read.1.tlog
e:\pushboxes\x64\debug\pushboxes.tlog\link.write.1.tlog
e:\pushboxes\x64\debug\pushboxes.tlog\pushboxes.write.1u.tlog
e:\pushboxes\x64\debug\pushboxes.tlog\rc.command.1.tlog
e:\pushboxes\x64\debug\pushboxes.tlog\rc.read.1.tlog
e:\pushboxes\x64\debug\pushboxes.tlog\rc.write.1.tlog
